2025-12-22 13:29:17 [main] INFO  testCases.TC001_LoginTestCases - Browser started
2025-12-22 13:29:17 [main] INFO  testCases.TC001_LoginTestCases - Navigated to application URL
2025-12-22 13:31:03 [TestNG-tests-1] INFO  testCases.TC001_LoginTestCases - Browser started
2025-12-22 13:31:03 [TestNG-tests-1] INFO  testCases.TC001_LoginTestCases - Navigated to application URL
2025-12-22 13:31:03 [TestNG-tests-2] INFO  testCases.TC001_LoginTestCases - Browser started
2025-12-22 13:31:03 [TestNG-tests-2] INFO  testCases.TC001_LoginTestCases - Navigated to application URL
2025-12-22 13:31:05 [TestNG-tests-1] INFO  testCases.TC001_LoginTestCases - Login successful
2025-12-22 13:31:05 [TestNG-tests-2] INFO  testCases.TC001_LoginTestCases - Login successful
2025-12-22 13:31:06 [TestNG-tests-3] INFO  testCases.TC001_LoginTestCases - Browser started
2025-12-22 13:31:06 [TestNG-tests-3] INFO  testCases.TC001_LoginTestCases - Navigated to application URL
2025-12-22 13:31:07 [TestNG-tests-3] INFO  testCases.TC001_LoginTestCases - Login successful
2025-12-26 02:48:05 [main] INFO  testCases.TC001_LoginTestCases - Browser started
2025-12-26 02:48:05 [main] INFO  testCases.TC001_LoginTestCases - Navigated to application URL
2025-12-26 02:48:06 [main] INFO  testCases.TC001_LoginTestCases - Login successful
2025-12-27 12:46:47 [main] INFO  testCases.TC001_LoginTestCases - Browser started
2025-12-27 12:46:48 [main] INFO  testCases.TC001_LoginTestCases - Navigated to application URL
2025-12-27 12:46:48 [main] INFO  testCases.TC001_LoginTestCases - Login successful
2025-12-27 12:50:30 [main] INFO  testCases.TC001_LoginTestCases - Browser started
2025-12-27 12:50:30 [main] INFO  testCases.TC001_LoginTestCases - Navigated to application URL
2025-12-27 12:50:31 [main] INFO  testCases.TC001_LoginTestCases - Login successful
2025-12-27 12:52:26 [main] INFO  testCases.TC001_LoginTestCases - Browser started
2025-12-27 12:52:26 [main] INFO  testCases.TC001_LoginTestCases - Navigated to application URL
2025-12-27 12:52:27 [main] INFO  testCases.TC001_LoginTestCases - Login successful
2025-12-27 12:53:58 [TestNG-tests-1] INFO  testCases.TC001_LoginTestCases - Browser started
2025-12-27 12:53:58 [TestNG-tests-1] INFO  testCases.TC001_LoginTestCases - Navigated to application URL
2025-12-27 12:53:58 [TestNG-tests-2] INFO  testCases.TC001_LoginTestCases - Browser started
2025-12-27 12:53:58 [TestNG-tests-2] INFO  testCases.TC001_LoginTestCases - Navigated to application URL
2025-12-27 12:53:59 [TestNG-tests-1] INFO  testCases.TC001_LoginTestCases - Login successful
2025-12-27 12:53:59 [TestNG-tests-2] INFO  testCases.TC001_LoginTestCases - Login successful
2025-12-27 12:54:53 [TestNG-tests-2] INFO  testCases.TC001_LoginTestCases - Browser started
2025-12-27 12:54:53 [TestNG-tests-1] INFO  testCases.TC001_LoginTestCases - Browser started
2025-12-27 12:54:53 [TestNG-tests-1] INFO  testCases.TC001_LoginTestCases - Navigated to application URL
2025-12-27 12:54:53 [TestNG-tests-2] INFO  testCases.TC001_LoginTestCases - Navigated to application URL
2025-12-27 12:54:54 [TestNG-tests-1] INFO  testCases.TC001_LoginTestCases - Login successful
2025-12-27 12:54:54 [TestNG-tests-2] INFO  testCases.TC001_LoginTestCases - Login successful
2026-01-03 19:54:54 [main] INFO  testCases.TC001_LoginTestCases - Browser started
2026-01-03 19:54:54 [main] INFO  testCases.TC001_LoginTestCases - Navigated to application URL
2026-01-03 19:54:55 [main] INFO  testCases.TC001_LoginTestCases - Login successful
